$ jest --detectOpenHandles --forceExit './assumptions.test.js' './src/fun-promise.test.js' --verbose
----------------|---------|----------|---------|---------|-------------------
File            | % Stmts | % Branch | % Funcs | % Lines | Uncovered Line #s 
----------------|---------|----------|---------|---------|-------------------
All files       |     100 |      100 |     100 |     100 |                   
 fun-promise.ts |     100 |      100 |     100 |     100 |                   
----------------|---------|----------|---------|---------|-------------------

=============================== Coverage summary ===============================
Statements   : 100% ( 76/76 )
Branches     : 100% ( 18/18 )
Functions    : 100% ( 43/43 )
Lines        : 100% ( 65/65 )
================================================================================
